<?xml version="1.0" encoding="UTF-8"?>
<testsuite name="TestSuite" time="46.329" tests="4" errors="0" skipped="0" failures="1">
  <properties>
[...]
</properties>
  <testcase name="SearchWithoutData" classname="lannt.Test.SearchTest" time="13.255"/>
  <testcase name="SearchWithData" classname="lannt.Test.SearchTest" time="4.912"/>
  <testcase name="testLoginFail" classname="lannt.Test.LoginTest" time="10.218"/>
  <testcase name="testRegisPass" classname="lannt.Test.RegisTest" time="17.944">
    <failure message="Unable to locate element: {&quot;method&quot;:&quot;name&quot;,&quot;selector&quot;:&quot;id_gender&quot;}&#10;Command duration or timeout: 10.45 seconds&#10;For documentation on this error, please visit: http://seleniumhq.org/exceptions/no_such_element.html&#10;Build info: version: &apos;2.52.0&apos;, revision: &apos;4c2593cfc3689a7fcd7be52549167e5ccc93ad28&apos;, time: &apos;2016-02-11 11:22:43&apos;&#10;System info: host: &apos;Yen-PC&apos;, ip: &apos;192.168.1.101&apos;, os.name: &apos;Windows 7&apos;, os.arch: &apos;amd64&apos;, os.version: &apos;6.1&apos;, java.version: &apos;1.8.0_73&apos;&#10;Driver info: org.openqa.selenium.firefox.FirefoxDriver&#10;Capabilities [{applicationCacheEnabled=true, rotatable=false, handlesAlerts=true, databaseEnabled=true, version=44.0.2, platform=WINDOWS, nativeEvents=false, acceptSslCerts=true, webStorageEnabled=true, locationContextEnabled=true, browserName=firefox, takesScreenshot=true, javascriptEnabled=true, cssSelectorsEnabled=true}]&#10;Session ID: 7b26d48e-feb6-4dc0-81cf-90d322dd633c&#10;*** Element info: {Using=name, value=id_gender}" type="org.openqa.selenium.NoSuchElementException"><![CDATA[org.openqa.selenium.NoSuchElementException: Unable to locate element: {"method":"name","selector":"id_gender"}
Command duration or timeout: 10.45 seconds
For documentation on this error, please visit: http://seleniumhq.org/exceptions/no_such_element.html
Build info: version: '2.52.0', revision: '4c2593cfc3689a7fcd7be52549167e5ccc93ad28', time: '2016-02-11 11:22:43'
System info: host: 'Yen-PC', ip: '192.168.1.101', os.name: 'Windows 7', os.arch: 'amd64', os.version: '6.1', java.version: '1.8.0_73'
Driver info: org.openqa.selenium.firefox.FirefoxDriver
Capabilities [{applicationCacheEnabled=true, rotatable=false, handlesAlerts=true, databaseEnabled=true, version=44.0.2, platform=WINDOWS, nativeEvents=false, acceptSslCerts=true, webStorageEnabled=true, locationContextEnabled=true, browserName=firefox, takesScreenshot=true, javascriptEnabled=true, cssSelectorsEnabled=true}]
Session ID: 7b26d48e-feb6-4dc0-81cf-90d322dd633c
*** Element info: {Using=name, value=id_gender}
	at <anonymous class>.FirefoxDriver.prototype.findElementInternal_(file:///C:/Users/Yen/AppData/Local/Temp/anonymous4024512638386097486webdriver-profile/extensions/fxdriver@googlecode.com/components/driver-component.js:10723)
	at <anonymous class>.fxdriver.Timer.prototype.setTimeout/<.notify(file:///C:/Users/Yen/AppData/Local/Temp/anonymous4024512638386097486webdriver-profile/extensions/fxdriver@googlecode.com/components/driver-component.js:623)
]]></failure>
  </testcase>
</testsuite>