<?xml version="1.0" encoding="UTF-8"?>
<testng-results skipped="0" failed="0" total="1" passed="1">
  <reporter-output>
  </reporter-output>
  <suite name="Default suite" duration-ms="42182" started-at="2016-03-14T15:12:05Z" finished-at="2016-03-14T15:12:47Z">
    <groups>
    </groups>
    <test name="Default test" duration-ms="42182" started-at="2016-03-14T15:12:05Z" finished-at="2016-03-14T15:12:47Z">
      <class name="lannt.Test.RegisTest">
        <test-method status="PASS" signature="setup()[pri:0, instance:lannt.Test.RegisTest@3f3afe78]" name="setup" is-config="true" duration-ms="29831" started-at="2016-03-14T22:12:05Z" finished-at="2016-03-14T22:12:35Z">
          <reporter-output>
          </reporter-output>
        </test-method> <!-- setup -->
        <test-method status="PASS" signature="testRegisPass()[pri:0, instance:lannt.Test.RegisTest@3f3afe78]" name="testRegisPass" duration-ms="10927" started-at="2016-03-14T22:12:35Z" finished-at="2016-03-14T22:12:46Z">
          <reporter-output>
          </reporter-output>
        </test-method> <!-- testRegisPass -->
        <test-method status="PASS" signature="tearDown()[pri:0, instance:lannt.Test.RegisTest@3f3afe78]" name="tearDown" is-config="true" duration-ms="1394" started-at="2016-03-14T22:12:46Z" finished-at="2016-03-14T22:12:47Z">
          <reporter-output>
          </reporter-output>
        </test-method> <!-- tearDown -->
      </class> <!-- lannt.Test.RegisTest -->
    </test> <!-- Default test -->
  </suite> <!-- Default suite -->
</testng-results>
